{
  "stats": {
    "suites": 2,
    "tests": 10,
    "passes": 10,
    "pending": 0,
    "failures": 0,
    "start": "2025-05-28T22:35:43.614Z",
    "end": "2025-05-28T22:37:46.504Z",
    "duration": 122890,
    "testsRegistered": 10,
    "passPercent": 100,
    "pendingPercent": 0,
    "other": 0,
    "hasOther": false,
    "skipped": 0,
    "hasSkipped": false
  },
  "results": [
    {
      "uuid": "5086a779-9077-4b2f-be1e-96e54d478c5a",
      "title": "",
      "fullFile": "cypress/e2e/spec.cy.js",
      "file": "cypress/e2e/spec.cy.js",
      "beforeHooks": [],
      "afterHooks": [],
      "tests": [],
      "suites": [
        {
          "uuid": "e583503d-87bf-4a8d-8d95-f963241f3ba6",
          "title": "Fluxo de Criação de Curso",
          "fullFile": "",
          "file": "",
          "beforeHooks": [],
          "afterHooks": [],
          "tests": [
            {
              "title": "Deve criar um curso com os dados obrigatórios",
              "fullTitle": "Fluxo de Criação de Curso Deve criar um curso com os dados obrigatórios",
              "timedOut": null,
              "duration": 12809,
              "state": "passed",
              "speed": "slow",
              "pass": true,
              "fail": false,
              "pending": false,
              "context": null,
              "code": "cy.intercept(\"POST\", \"/curso/verificar_campos/\").as(\"verificarCampos\");\n_CreateCourse.default.visit();\nconst cursoMock = {\n  nome: _faker.faker.lorem.words(1),\n  descricao: _faker.faker.lorem.paragraph(),\n  objetivos: _faker.faker.lorem.sentences(2),\n  cargaHoraria: _faker.faker.number.int({\n    min: 1,\n    max: 60\n  }).toString()\n};\n_CreateCourse.default.criarCursoBasico(cursoMock);\ncy.wait(\"@verificarCampos\").its(\"response.statusCode\").should(\"eq\", 200);",
              "err": {},
              "uuid": "6eb9c144-d19b-47af-aa9b-d665e4d47dfa",
              "parentUUID": "e583503d-87bf-4a8d-8d95-f963241f3ba6",
              "isHook": false,
              "skipped": false
            },
            {
              "title": "Deve bloquear upload de imagem com mais de 2MB",
              "fullTitle": "Fluxo de Criação de Curso Deve bloquear upload de imagem com mais de 2MB",
              "timedOut": null,
              "duration": 4331,
              "state": "passed",
              "speed": "fast",
              "pass": true,
              "fail": false,
              "pending": false,
              "context": null,
              "code": "_CreateCourse.default.visit();\ncy.fixture(\"large-image.jpg\", null).then(fileContent => {\n  cy.get(\"#thumb\").attachFile({\n    fileContent: fileContent.toString(),\n    fileName: \"large-image.jpg\",\n    mimeType: \"image/jpeg\"\n  });\n});\ncy.get(\"#file-result\").should(\"have.text\", \"Por favor selecione arquivo com menos de 2MB.\");",
              "err": {},
              "uuid": "55fd1cf9-d634-49f6-b1a6-5342e6bbeada",
              "parentUUID": "e583503d-87bf-4a8d-8d95-f963241f3ba6",
              "isHook": false,
              "skipped": false
            },
            {
              "title": "Deve recusar a criação de um curso sem o dado obrigatório de descrição",
              "fullTitle": "Fluxo de Criação de Curso Deve recusar a criação de um curso sem o dado obrigatório de descrição",
              "timedOut": null,
              "duration": 10673,
              "state": "passed",
              "speed": "slow",
              "pass": true,
              "fail": false,
              "pending": false,
              "context": null,
              "code": "_CreateCourse.default.visit();\nconst cursoMock = {\n  nome: _faker.faker.lorem.words(3),\n  objetivos: _faker.faker.lorem.sentences(2),\n  cargaHoraria: _faker.faker.number.int({\n    min: 1,\n    max: 60\n  }).toString()\n};\n_CreateCourse.default.name.type(cursoMock.nome);\n_CreateCourse.default.objetivosAprendizagem.type(cursoMock.objetivos);\n_CreateCourse.default.cargaHoraria.type(cursoMock.cargaHoraria);\n_CreateCourse.default.submitButton.click();\ncy.wait(5000);\n_CreateCourse.default.submitButton.should(\"be.visible\");",
              "err": {},
              "uuid": "ad22b988-a420-4f38-9c76-300a10c564a4",
              "parentUUID": "e583503d-87bf-4a8d-8d95-f963241f3ba6",
              "isHook": false,
              "skipped": false
            },
            {
              "title": "Deve recusar a criação de um curso com nome com menos de dois caracteres",
              "fullTitle": "Fluxo de Criação de Curso Deve recusar a criação de um curso com nome com menos de dois caracteres",
              "timedOut": null,
              "duration": 8657,
              "state": "passed",
              "speed": "medium",
              "pass": true,
              "fail": false,
              "pending": false,
              "context": null,
              "code": "_CreateCourse.default.visit();\nconst cursoMock = {\n  nome: _faker.faker.lorem.word(1),\n  descricao: _faker.faker.lorem.paragraph(),\n  objetivos: _faker.faker.lorem.sentences(2),\n  cargaHoraria: _faker.faker.number.int({\n    min: 1,\n    max: 60\n  }).toString()\n};\n_CreateCourse.default.criarCursoBasico(cursoMock);\ncy.get(\"#erro-nome\").should(\"be.visible\");",
              "err": {},
              "uuid": "908fda43-f19d-4bd4-ac6b-25d7fcd11520",
              "parentUUID": "e583503d-87bf-4a8d-8d95-f963241f3ba6",
              "isHook": false,
              "skipped": false
            },
            {
              "title": "Deve aceitar a criação de um curso com seleção de todos os pré-requisitos",
              "fullTitle": "Fluxo de Criação de Curso Deve aceitar a criação de um curso com seleção de todos os pré-requisitos",
              "timedOut": null,
              "duration": 19676,
              "state": "passed",
              "speed": "slow",
              "pass": true,
              "fail": false,
              "pending": false,
              "context": null,
              "code": "cy.intercept(\"POST\", \"/curso/verificar_campos/\").as(\"verificarCampos\");\n_CreateCourse.default.visit();\nconst cursoMock = {\n  nome: _faker.faker.lorem.words(1),\n  descricao: _faker.faker.lorem.paragraph(),\n  objetivos: _faker.faker.lorem.sentences(2),\n  cargaHoraria: _faker.faker.number.int({\n    min: 1,\n    max: 60\n  }).toString()\n};\n_CreateCourse.default.name.type(cursoMock.nome);\n_CreateCourse.default.descricao.type(cursoMock.descricao);\n_CreateCourse.default.objetivosAprendizagem.type(cursoMock.objetivos);\n_CreateCourse.default.cargaHoraria.type(cursoMock.cargaHoraria);\n_CreateCourse.default.selecionarCursos.check();\n_CreateCourse.default.submitButton.click();\ncy.wait(\"@verificarCampos\").its(\"response.statusCode\").should(\"eq\", 200);",
              "err": {},
              "uuid": "9a5e9b38-d805-4e0b-8023-2492deebc34e",
              "parentUUID": "e583503d-87bf-4a8d-8d95-f963241f3ba6",
              "isHook": false,
              "skipped": false
            }
          ],
          "suites": [],
          "passes": [
            "6eb9c144-d19b-47af-aa9b-d665e4d47dfa",
            "55fd1cf9-d634-49f6-b1a6-5342e6bbeada",
            "ad22b988-a420-4f38-9c76-300a10c564a4",
            "908fda43-f19d-4bd4-ac6b-25d7fcd11520",
            "9a5e9b38-d805-4e0b-8023-2492deebc34e"
          ],
          "failures": [],
          "pending": [],
          "skipped": [],
          "duration": 56146,
          "root": false,
          "rootEmpty": false,
          "_timeout": 2000
        },
        {
          "uuid": "5653c5e0-f67d-4e3d-964d-67cf9c8fee5b",
          "title": "Fluxo de Edição de Curso",
          "fullFile": "",
          "file": "",
          "beforeHooks": [],
          "afterHooks": [],
          "tests": [
            {
              "title": "Deve editar o nome de um curso com sucesso",
              "fullTitle": "Fluxo de Edição de Curso Deve editar o nome de um curso com sucesso",
              "timedOut": null,
              "duration": 14416,
              "state": "passed",
              "speed": "slow",
              "pass": true,
              "fail": false,
              "pending": false,
              "context": null,
              "code": "const novoNome = _faker.faker.lorem.words(1);\n_CreateCourse.default.name.clear().type(novoNome);\n_CreateCourse.default.submitButton.click();\ncy.wait(5000);\ncy.visit(\"/curso/edit/127\");\ncy.get(\"#name\").should(\"have.value\", novoNome);",
              "err": {},
              "uuid": "cf00cad0-0261-48c9-9352-dc212add242c",
              "parentUUID": "5653c5e0-f67d-4e3d-964d-67cf9c8fee5b",
              "isHook": false,
              "skipped": false
            },
            {
              "title": "Deve recusar edição de nome com menos de dois caracteres",
              "fullTitle": "Fluxo de Edição de Curso Deve recusar edição de nome com menos de dois caracteres",
              "timedOut": null,
              "duration": 7921,
              "state": "passed",
              "speed": "medium",
              "pass": true,
              "fail": false,
              "pending": false,
              "context": null,
              "code": "const nomeCurto = _faker.faker.lorem.word(1);\n_CreateCourse.default.name.clear().type(nomeCurto);\n_CreateCourse.default.submitButton.click();\ncy.get(\"#erro-nome\").should(\"be.visible\");",
              "err": {},
              "uuid": "636fa177-385b-4e25-afcb-4f8314878ff5",
              "parentUUID": "5653c5e0-f67d-4e3d-964d-67cf9c8fee5b",
              "isHook": false,
              "skipped": false
            },
            {
              "title": "Deve editar a descrição de um curso com sucesso",
              "fullTitle": "Fluxo de Edição de Curso Deve editar a descrição de um curso com sucesso",
              "timedOut": null,
              "duration": 15220,
              "state": "passed",
              "speed": "slow",
              "pass": true,
              "fail": false,
              "pending": false,
              "context": null,
              "code": "const novaDescricao = _faker.faker.lorem.paragraph();\n_CreateCourse.default.descricao.clear().type(novaDescricao);\n_CreateCourse.default.submitButton.click();\ncy.wait(5000);\ncy.visit(\"/curso/edit/127\");\ncy.get(\"#descricao\").should(\"have.value\", novaDescricao);",
              "err": {},
              "uuid": "7b2c858f-1f4b-4e11-b54d-f23973ab3134",
              "parentUUID": "5653c5e0-f67d-4e3d-964d-67cf9c8fee5b",
              "isHook": false,
              "skipped": false
            },
            {
              "title": "Deve editar os objetivos de aprendizagem com sucesso",
              "fullTitle": "Fluxo de Edição de Curso Deve editar os objetivos de aprendizagem com sucesso",
              "timedOut": null,
              "duration": 14539,
              "state": "passed",
              "speed": "slow",
              "pass": true,
              "fail": false,
              "pending": false,
              "context": null,
              "code": "const novosObjetivos = _faker.faker.lorem.sentences(2);\n_CreateCourse.default.objetivosAprendizagem.clear().type(novosObjetivos);\n_CreateCourse.default.submitButton.click();\ncy.wait(5000);\ncy.visit(\"/curso/edit/127\");\ncy.get(\"#objetivos_aprendizagem\").should(\"have.value\", novosObjetivos);",
              "err": {},
              "uuid": "adcd483c-7e85-49cc-ab9f-9f134511dff8",
              "parentUUID": "5653c5e0-f67d-4e3d-964d-67cf9c8fee5b",
              "isHook": false,
              "skipped": false
            },
            {
              "title": "Deve editar a carga horária de um curso com sucesso",
              "fullTitle": "Fluxo de Edição de Curso Deve editar a carga horária de um curso com sucesso",
              "timedOut": null,
              "duration": 14188,
              "state": "passed",
              "speed": "slow",
              "pass": true,
              "fail": false,
              "pending": false,
              "context": null,
              "code": "const novaCarga = _faker.faker.number.int({\n  min: 1,\n  max: 60\n}).toString();\n_CreateCourse.default.cargaHoraria.clear().type(novaCarga);\n_CreateCourse.default.submitButton.click();\ncy.wait(5000);\ncy.visit(\"/curso/edit/127\");\ncy.get(\"#carga_horaria\").should(\"have.value\", novaCarga);",
              "err": {},
              "uuid": "b6ed1573-53d5-4c52-b242-26d1a492ab09",
              "parentUUID": "5653c5e0-f67d-4e3d-964d-67cf9c8fee5b",
              "isHook": false,
              "skipped": false
            }
          ],
          "suites": [],
          "passes": [
            "cf00cad0-0261-48c9-9352-dc212add242c",
            "636fa177-385b-4e25-afcb-4f8314878ff5",
            "7b2c858f-1f4b-4e11-b54d-f23973ab3134",
            "adcd483c-7e85-49cc-ab9f-9f134511dff8",
            "b6ed1573-53d5-4c52-b242-26d1a492ab09"
          ],
          "failures": [],
          "pending": [],
          "skipped": [],
          "duration": 66284,
          "root": false,
          "rootEmpty": false,
          "_timeout": 2000
        }
      ],
      "passes": [],
      "failures": [],
      "pending": [],
      "skipped": [],
      "duration": 0,
      "root": true,
      "rootEmpty": true,
      "_timeout": 2000
    }
  ],
  "meta": {
    "mocha": {
      "version": "7.2.0"
    },
    "mochawesome": {
      "options": {
        "quiet": false,
        "reportFilename": "mochawesome",
        "saveHtml": true,
        "saveJson": true,
        "consoleReporter": "spec",
        "useInlineDiffs": false,
        "code": true
      },
      "version": "7.1.3"
    },
    "marge": {
      "options": {
        "reportDir": "mochawesome-report",
        "overwrite": false,
        "html": true,
        "json": true
      },
      "version": "6.2.0"
    }
  }
}