{
  "stats": {
    "suites": 2,
    "tests": 10,
    "passes": 10,
    "pending": 0,
    "failures": 0,
    "start": "2025-05-28T22:14:27.878Z",
    "end": "2025-05-28T22:15:58.897Z",
    "duration": 91019,
    "testsRegistered": 10,
    "passPercent": 100,
    "pendingPercent": 0,
    "other": 0,
    "hasOther": false,
    "skipped": 0,
    "hasSkipped": false
  },
  "results": [
    {
      "uuid": "731ca560-89d0-4e9f-8f3e-a3342a11d1dc",
      "title": "",
      "fullFile": "cypress/e2e/spec.cy.js",
      "file": "cypress/e2e/spec.cy.js",
      "beforeHooks": [],
      "afterHooks": [],
      "tests": [],
      "suites": [
        {
          "uuid": "2d05d551-4433-4b8e-9e3f-82d5003bbfb5",
          "title": "Fluxo de Criação de Curso",
          "fullFile": "",
          "file": "",
          "beforeHooks": [],
          "afterHooks": [],
          "tests": [
            {
              "title": "Deve criar um curso com os dados obrigatórios",
              "fullTitle": "Fluxo de Criação de Curso Deve criar um curso com os dados obrigatórios",
              "timedOut": null,
              "duration": 7363,
              "state": "passed",
              "speed": "medium",
              "pass": true,
              "fail": false,
              "pending": false,
              "context": null,
              "code": "cy.intercept(\"POST\", \"/curso/verificar_campos/\").as(\"verificarCampos\");\n_CreateCourse.default.visit();\nconst cursoMock = {\n  nome: _faker.faker.lorem.words(1),\n  descricao: _faker.faker.lorem.paragraph(),\n  objetivos: _faker.faker.lorem.sentences(2),\n  cargaHoraria: _faker.faker.number.int({\n    min: 1,\n    max: 60\n  }).toString()\n};\n_CreateCourse.default.criarCursoBasico(cursoMock);\ncy.wait(\"@verificarCampos\").its(\"response.statusCode\").should(\"eq\", 200);",
              "err": {},
              "uuid": "482b3c1e-e895-44f5-a8d9-9472d9ce7d5e",
              "parentUUID": "2d05d551-4433-4b8e-9e3f-82d5003bbfb5",
              "isHook": false,
              "skipped": false
            },
            {
              "title": "Deve bloquear upload de imagem com mais de 2MB",
              "fullTitle": "Fluxo de Criação de Curso Deve bloquear upload de imagem com mais de 2MB",
              "timedOut": null,
              "duration": 2665,
              "state": "passed",
              "speed": "fast",
              "pass": true,
              "fail": false,
              "pending": false,
              "context": null,
              "code": "_CreateCourse.default.visit();\ncy.fixture(\"large-image.jpg\", null).then(fileContent => {\n  cy.get(\"#thumb\").attachFile({\n    fileContent: fileContent.toString(),\n    fileName: \"large-image.jpg\",\n    mimeType: \"image/jpeg\"\n  });\n});\ncy.get(\"#file-result\").should(\"have.text\", \"Por favor selecione arquivo com menos de 2MB.\");",
              "err": {},
              "uuid": "d93e7cc0-660d-4763-9bba-11b6b961fb0a",
              "parentUUID": "2d05d551-4433-4b8e-9e3f-82d5003bbfb5",
              "isHook": false,
              "skipped": false
            },
            {
              "title": "Deve recusar a criação de um curso sem o dado obrigatório de descrição",
              "fullTitle": "Fluxo de Criação de Curso Deve recusar a criação de um curso sem o dado obrigatório de descrição",
              "timedOut": null,
              "duration": 8870,
              "state": "passed",
              "speed": "medium",
              "pass": true,
              "fail": false,
              "pending": false,
              "context": null,
              "code": "_CreateCourse.default.visit();\nconst cursoMock = {\n  nome: _faker.faker.lorem.words(3),\n  objetivos: _faker.faker.lorem.sentences(2),\n  cargaHoraria: _faker.faker.number.int({\n    min: 1,\n    max: 60\n  }).toString()\n};\n_CreateCourse.default.name.type(cursoMock.nome);\n_CreateCourse.default.objetivosAprendizagem.type(cursoMock.objetivos);\n_CreateCourse.default.cargaHoraria.type(cursoMock.cargaHoraria);\n_CreateCourse.default.submitButton.click();\ncy.wait(5000);\n_CreateCourse.default.submitButton.should(\"be.visible\");",
              "err": {},
              "uuid": "bffd0036-c676-4725-950e-69422c5e4491",
              "parentUUID": "2d05d551-4433-4b8e-9e3f-82d5003bbfb5",
              "isHook": false,
              "skipped": false
            },
            {
              "title": "Deve recusar a criação de um curso com nome com menos de dois caracteres",
              "fullTitle": "Fluxo de Criação de Curso Deve recusar a criação de um curso com nome com menos de dois caracteres",
              "timedOut": null,
              "duration": 5917,
              "state": "passed",
              "speed": "medium",
              "pass": true,
              "fail": false,
              "pending": false,
              "context": null,
              "code": "_CreateCourse.default.visit();\nconst cursoMock = {\n  nome: _faker.faker.lorem.word(1),\n  descricao: _faker.faker.lorem.paragraph(),\n  objetivos: _faker.faker.lorem.sentences(2),\n  cargaHoraria: _faker.faker.number.int({\n    min: 1,\n    max: 60\n  }).toString()\n};\n_CreateCourse.default.criarCursoBasico(cursoMock);\ncy.get(\"#erro-nome\").should(\"be.visible\");",
              "err": {},
              "uuid": "cc527643-ffe5-40d7-b98f-24a501c86b15",
              "parentUUID": "2d05d551-4433-4b8e-9e3f-82d5003bbfb5",
              "isHook": false,
              "skipped": false
            },
            {
              "title": "Deve aceitar a criação de um curso com seleção de todos os pré-requisitos",
              "fullTitle": "Fluxo de Criação de Curso Deve aceitar a criação de um curso com seleção de todos os pré-requisitos",
              "timedOut": null,
              "duration": 16419,
              "state": "passed",
              "speed": "slow",
              "pass": true,
              "fail": false,
              "pending": false,
              "context": null,
              "code": "cy.intercept(\"POST\", \"/curso/verificar_campos/\").as(\"verificarCampos\");\n_CreateCourse.default.visit();\nconst cursoMock = {\n  nome: _faker.faker.lorem.words(1),\n  descricao: _faker.faker.lorem.paragraph(),\n  objetivos: _faker.faker.lorem.sentences(2),\n  cargaHoraria: _faker.faker.number.int({\n    min: 1,\n    max: 60\n  }).toString()\n};\n_CreateCourse.default.name.type(cursoMock.nome);\n_CreateCourse.default.descricao.type(cursoMock.descricao);\n_CreateCourse.default.objetivosAprendizagem.type(cursoMock.objetivos);\n_CreateCourse.default.cargaHoraria.type(cursoMock.cargaHoraria);\n_CreateCourse.default.selecionarCursos.check();\n_CreateCourse.default.submitButton.click();\ncy.wait(\"@verificarCampos\").its(\"response.statusCode\").should(\"eq\", 200);",
              "err": {},
              "uuid": "5041f401-aa64-47df-8c8d-318a23d579bb",
              "parentUUID": "2d05d551-4433-4b8e-9e3f-82d5003bbfb5",
              "isHook": false,
              "skipped": false
            }
          ],
          "suites": [],
          "passes": [
            "482b3c1e-e895-44f5-a8d9-9472d9ce7d5e",
            "d93e7cc0-660d-4763-9bba-11b6b961fb0a",
            "bffd0036-c676-4725-950e-69422c5e4491",
            "cc527643-ffe5-40d7-b98f-24a501c86b15",
            "5041f401-aa64-47df-8c8d-318a23d579bb"
          ],
          "failures": [],
          "pending": [],
          "skipped": [],
          "duration": 41234,
          "root": false,
          "rootEmpty": false,
          "_timeout": 2000
        },
        {
          "uuid": "1f816ec0-0303-47da-95b1-0bd428edff5a",
          "title": "Fluxo de Edição de Curso",
          "fullFile": "",
          "file": "",
          "beforeHooks": [],
          "afterHooks": [],
          "tests": [
            {
              "title": "Deve editar o nome de um curso com sucesso",
              "fullTitle": "Fluxo de Edição de Curso Deve editar o nome de um curso com sucesso",
              "timedOut": null,
              "duration": 10449,
              "state": "passed",
              "speed": "slow",
              "pass": true,
              "fail": false,
              "pending": false,
              "context": null,
              "code": "const novoNome = _faker.faker.lorem.words(1);\n_CreateCourse.default.name.clear().type(novoNome);\n_CreateCourse.default.submitButton.click();\ncy.wait(5000);\ncy.visit(\"/curso/edit/127\");\ncy.get(\"#name\").should(\"have.value\", novoNome);",
              "err": {},
              "uuid": "4e249d78-5b94-4149-9ecd-69557166af9f",
              "parentUUID": "1f816ec0-0303-47da-95b1-0bd428edff5a",
              "isHook": false,
              "skipped": false
            },
            {
              "title": "Deve recusar edição de nome com menos de dois caracteres",
              "fullTitle": "Fluxo de Edição de Curso Deve recusar edição de nome com menos de dois caracteres",
              "timedOut": null,
              "duration": 4611,
              "state": "passed",
              "speed": "fast",
              "pass": true,
              "fail": false,
              "pending": false,
              "context": null,
              "code": "const nomeCurto = _faker.faker.lorem.word(1);\n_CreateCourse.default.name.clear().type(nomeCurto);\n_CreateCourse.default.submitButton.click();\ncy.get(\"#erro-nome\").should(\"be.visible\");",
              "err": {},
              "uuid": "bcd639e0-8630-465e-963b-31d6cf8f513c",
              "parentUUID": "1f816ec0-0303-47da-95b1-0bd428edff5a",
              "isHook": false,
              "skipped": false
            },
            {
              "title": "Deve editar a descrição de um curso com sucesso",
              "fullTitle": "Fluxo de Edição de Curso Deve editar a descrição de um curso com sucesso",
              "timedOut": null,
              "duration": 12321,
              "state": "passed",
              "speed": "slow",
              "pass": true,
              "fail": false,
              "pending": false,
              "context": null,
              "code": "const novaDescricao = _faker.faker.lorem.paragraph();\n_CreateCourse.default.descricao.clear().type(novaDescricao);\n_CreateCourse.default.submitButton.click();\ncy.wait(5000);\ncy.visit(\"/curso/edit/127\");\ncy.get(\"#descricao\").should(\"have.value\", novaDescricao);",
              "err": {},
              "uuid": "7a15a265-2a16-483f-b28d-15deeb2c275f",
              "parentUUID": "1f816ec0-0303-47da-95b1-0bd428edff5a",
              "isHook": false,
              "skipped": false
            },
            {
              "title": "Deve editar os objetivos de aprendizagem com sucesso",
              "fullTitle": "Fluxo de Edição de Curso Deve editar os objetivos de aprendizagem com sucesso",
              "timedOut": null,
              "duration": 11718,
              "state": "passed",
              "speed": "slow",
              "pass": true,
              "fail": false,
              "pending": false,
              "context": null,
              "code": "const novosObjetivos = _faker.faker.lorem.sentences(2);\n_CreateCourse.default.objetivosAprendizagem.clear().type(novosObjetivos);\n_CreateCourse.default.submitButton.click();\ncy.wait(5000);\ncy.visit(\"/curso/edit/127\");\ncy.get(\"#objetivos_aprendizagem\").should(\"have.value\", novosObjetivos);",
              "err": {},
              "uuid": "8fa39f1a-9439-4d36-b8fe-efd8b7faf33c",
              "parentUUID": "1f816ec0-0303-47da-95b1-0bd428edff5a",
              "isHook": false,
              "skipped": false
            },
            {
              "title": "Deve editar a carga horária de um curso com sucesso",
              "fullTitle": "Fluxo de Edição de Curso Deve editar a carga horária de um curso com sucesso",
              "timedOut": null,
              "duration": 10273,
              "state": "passed",
              "speed": "slow",
              "pass": true,
              "fail": false,
              "pending": false,
              "context": null,
              "code": "const novaCarga = _faker.faker.number.int({\n  min: 1,\n  max: 60\n}).toString();\n_CreateCourse.default.cargaHoraria.clear().type(novaCarga);\n_CreateCourse.default.submitButton.click();\ncy.wait(5000);\ncy.visit(\"/curso/edit/127\");\ncy.get(\"#carga_horaria\").should(\"have.value\", novaCarga);",
              "err": {},
              "uuid": "17692151-7a2e-4268-9fb9-7ab9c1f7db2e",
              "parentUUID": "1f816ec0-0303-47da-95b1-0bd428edff5a",
              "isHook": false,
              "skipped": false
            }
          ],
          "suites": [],
          "passes": [
            "4e249d78-5b94-4149-9ecd-69557166af9f",
            "bcd639e0-8630-465e-963b-31d6cf8f513c",
            "7a15a265-2a16-483f-b28d-15deeb2c275f",
            "8fa39f1a-9439-4d36-b8fe-efd8b7faf33c",
            "17692151-7a2e-4268-9fb9-7ab9c1f7db2e"
          ],
          "failures": [],
          "pending": [],
          "skipped": [],
          "duration": 49372,
          "root": false,
          "rootEmpty": false,
          "_timeout": 2000
        }
      ],
      "passes": [],
      "failures": [],
      "pending": [],
      "skipped": [],
      "duration": 0,
      "root": true,
      "rootEmpty": true,
      "_timeout": 2000
    }
  ],
  "meta": {
    "mocha": {
      "version": "7.2.0"
    },
    "mochawesome": {
      "options": {
        "quiet": false,
        "reportFilename": "mochawesome",
        "saveHtml": true,
        "saveJson": true,
        "consoleReporter": "spec",
        "useInlineDiffs": false,
        "code": true
      },
      "version": "7.1.3"
    },
    "marge": {
      "options": {
        "reportDir": "mochawesome-report",
        "overwrite": false,
        "html": true,
        "json": true
      },
      "version": "6.2.0"
    }
  }
}