{
  "stats": {
    "suites": 2,
    "tests": 10,
    "passes": 10,
    "pending": 0,
    "failures": 0,
    "start": "2025-05-28T22:06:36.020Z",
    "end": "2025-05-28T22:08:07.979Z",
    "duration": 91959,
    "testsRegistered": 10,
    "passPercent": 100,
    "pendingPercent": 0,
    "other": 0,
    "hasOther": false,
    "skipped": 0,
    "hasSkipped": false
  },
  "results": [
    {
      "uuid": "fcf6f48b-3476-40a3-8535-26651d7811d1",
      "title": "",
      "fullFile": "cypress/e2e/spec.cy.js",
      "file": "cypress/e2e/spec.cy.js",
      "beforeHooks": [],
      "afterHooks": [],
      "tests": [],
      "suites": [
        {
          "uuid": "6acf4017-8c1e-48c2-af1a-4a3784977267",
          "title": "Fluxo de Criação de Curso",
          "fullFile": "",
          "file": "",
          "beforeHooks": [],
          "afterHooks": [],
          "tests": [
            {
              "title": "Deve criar um curso com os dados obrigatórios",
              "fullTitle": "Fluxo de Criação de Curso Deve criar um curso com os dados obrigatórios",
              "timedOut": null,
              "duration": 7220,
              "state": "passed",
              "speed": "medium",
              "pass": true,
              "fail": false,
              "pending": false,
              "context": null,
              "code": "cy.intercept(\"POST\", \"/curso/verificar_campos/\").as(\"verificarCampos\");\n_CreateCourse.default.visit();\nconst cursoMock = {\n  nome: _faker.faker.lorem.words(1),\n  descricao: _faker.faker.lorem.paragraph(),\n  objetivos: _faker.faker.lorem.sentences(2),\n  cargaHoraria: _faker.faker.number.int({\n    min: 1,\n    max: 60\n  }).toString()\n};\n_CreateCourse.default.criarCursoBasico(cursoMock);\ncy.wait(\"@verificarCampos\").its(\"response.statusCode\").should(\"eq\", 200);",
              "err": {},
              "uuid": "8ab99e97-963e-4eef-bc21-77503f805f6a",
              "parentUUID": "6acf4017-8c1e-48c2-af1a-4a3784977267",
              "isHook": false,
              "skipped": false
            },
            {
              "title": "Deve bloquear upload de imagem com mais de 2MB",
              "fullTitle": "Fluxo de Criação de Curso Deve bloquear upload de imagem com mais de 2MB",
              "timedOut": null,
              "duration": 2706,
              "state": "passed",
              "speed": "fast",
              "pass": true,
              "fail": false,
              "pending": false,
              "context": null,
              "code": "_CreateCourse.default.visit();\ncy.fixture(\"large-image.jpg\", null).then(fileContent => {\n  cy.get(\"#thumb\").attachFile({\n    fileContent: fileContent.toString(),\n    fileName: \"large-image.jpg\",\n    mimeType: \"image/jpeg\"\n  });\n});\ncy.get(\"#file-result\").should(\"have.text\", \"Por favor selecione arquivo com menos de 2MB.\");",
              "err": {},
              "uuid": "61c1e061-1220-4619-997b-135a9e2a8ef4",
              "parentUUID": "6acf4017-8c1e-48c2-af1a-4a3784977267",
              "isHook": false,
              "skipped": false
            },
            {
              "title": "Deve recusar a criação de um curso sem o dado obrigatório de descrição",
              "fullTitle": "Fluxo de Criação de Curso Deve recusar a criação de um curso sem o dado obrigatório de descrição",
              "timedOut": null,
              "duration": 8945,
              "state": "passed",
              "speed": "medium",
              "pass": true,
              "fail": false,
              "pending": false,
              "context": null,
              "code": "_CreateCourse.default.visit();\nconst cursoMock = {\n  nome: _faker.faker.lorem.words(3),\n  objetivos: _faker.faker.lorem.sentences(2),\n  cargaHoraria: _faker.faker.number.int({\n    min: 1,\n    max: 60\n  }).toString()\n};\n_CreateCourse.default.name.type(cursoMock.nome);\n_CreateCourse.default.objetivosAprendizagem.type(cursoMock.objetivos);\n_CreateCourse.default.cargaHoraria.type(cursoMock.cargaHoraria);\n_CreateCourse.default.submitButton.click();\ncy.wait(5000);\n_CreateCourse.default.submitButton.should(\"be.visible\");",
              "err": {},
              "uuid": "116fca23-78ac-4bd9-a258-f2a2913593ee",
              "parentUUID": "6acf4017-8c1e-48c2-af1a-4a3784977267",
              "isHook": false,
              "skipped": false
            },
            {
              "title": "Deve recusar a criação de um curso com nome com menos de dois caracteres",
              "fullTitle": "Fluxo de Criação de Curso Deve recusar a criação de um curso com nome com menos de dois caracteres",
              "timedOut": null,
              "duration": 7032,
              "state": "passed",
              "speed": "medium",
              "pass": true,
              "fail": false,
              "pending": false,
              "context": null,
              "code": "_CreateCourse.default.visit();\nconst cursoMock = {\n  nome: _faker.faker.lorem.word(1),\n  descricao: _faker.faker.lorem.paragraph(),\n  objetivos: _faker.faker.lorem.sentences(2),\n  cargaHoraria: _faker.faker.number.int({\n    min: 1,\n    max: 60\n  }).toString()\n};\n_CreateCourse.default.criarCursoBasico(cursoMock);\ncy.get(\"#erro-nome\").should(\"be.visible\");",
              "err": {},
              "uuid": "a0ec378d-5f6b-4942-9f54-d83e05a468c6",
              "parentUUID": "6acf4017-8c1e-48c2-af1a-4a3784977267",
              "isHook": false,
              "skipped": false
            },
            {
              "title": "Deve aceitar a criação de um curso com seleção de todos os pré-requisitos",
              "fullTitle": "Fluxo de Criação de Curso Deve aceitar a criação de um curso com seleção de todos os pré-requisitos",
              "timedOut": null,
              "duration": 15859,
              "state": "passed",
              "speed": "slow",
              "pass": true,
              "fail": false,
              "pending": false,
              "context": null,
              "code": "cy.intercept(\"POST\", \"/curso/verificar_campos/\").as(\"verificarCampos\");\n_CreateCourse.default.visit();\nconst cursoMock = {\n  nome: _faker.faker.lorem.words(1),\n  descricao: _faker.faker.lorem.paragraph(),\n  objetivos: _faker.faker.lorem.sentences(2),\n  cargaHoraria: _faker.faker.number.int({\n    min: 1,\n    max: 60\n  }).toString()\n};\n_CreateCourse.default.name.type(cursoMock.nome);\n_CreateCourse.default.descricao.type(cursoMock.descricao);\n_CreateCourse.default.objetivosAprendizagem.type(cursoMock.objetivos);\n_CreateCourse.default.cargaHoraria.type(cursoMock.cargaHoraria);\n_CreateCourse.default.selecionarCursos.check();\n_CreateCourse.default.submitButton.click();\ncy.wait(\"@verificarCampos\").its(\"response.statusCode\").should(\"eq\", 200);",
              "err": {},
              "uuid": "e536c75a-4f2b-4b21-847c-e3691f812d48",
              "parentUUID": "6acf4017-8c1e-48c2-af1a-4a3784977267",
              "isHook": false,
              "skipped": false
            }
          ],
          "suites": [],
          "passes": [
            "8ab99e97-963e-4eef-bc21-77503f805f6a",
            "61c1e061-1220-4619-997b-135a9e2a8ef4",
            "116fca23-78ac-4bd9-a258-f2a2913593ee",
            "a0ec378d-5f6b-4942-9f54-d83e05a468c6",
            "e536c75a-4f2b-4b21-847c-e3691f812d48"
          ],
          "failures": [],
          "pending": [],
          "skipped": [],
          "duration": 41762,
          "root": false,
          "rootEmpty": false,
          "_timeout": 2000
        },
        {
          "uuid": "737ce78b-619e-43a6-964e-eff3383acf7d",
          "title": "Fluxo de Edição de Curso",
          "fullFile": "",
          "file": "",
          "beforeHooks": [],
          "afterHooks": [],
          "tests": [
            {
              "title": "Deve editar o nome de um curso com sucesso",
              "fullTitle": "Fluxo de Edição de Curso Deve editar o nome de um curso com sucesso",
              "timedOut": null,
              "duration": 10333,
              "state": "passed",
              "speed": "slow",
              "pass": true,
              "fail": false,
              "pending": false,
              "context": null,
              "code": "const novoNome = _faker.faker.lorem.words(1);\n_CreateCourse.default.name.clear().type(novoNome);\n_CreateCourse.default.submitButton.click();\ncy.wait(5000);\ncy.visit(\"/curso/edit/127\");\ncy.get(\"#name\").should(\"have.value\", novoNome);",
              "err": {},
              "uuid": "dcf00c90-2a8e-45ad-be40-fc7f1ae4d7d0",
              "parentUUID": "737ce78b-619e-43a6-964e-eff3383acf7d",
              "isHook": false,
              "skipped": false
            },
            {
              "title": "Deve recusar edição de nome com menos de dois caracteres",
              "fullTitle": "Fluxo de Edição de Curso Deve recusar edição de nome com menos de dois caracteres",
              "timedOut": null,
              "duration": 4518,
              "state": "passed",
              "speed": "fast",
              "pass": true,
              "fail": false,
              "pending": false,
              "context": null,
              "code": "const nomeCurto = _faker.faker.lorem.word(1);\n_CreateCourse.default.name.clear().type(nomeCurto);\n_CreateCourse.default.submitButton.click();\ncy.get(\"#erro-nome\").should(\"be.visible\");",
              "err": {},
              "uuid": "b6433ceb-c017-4a60-9d78-afb97af7136e",
              "parentUUID": "737ce78b-619e-43a6-964e-eff3383acf7d",
              "isHook": false,
              "skipped": false
            },
            {
              "title": "Deve editar a descrição de um curso com sucesso",
              "fullTitle": "Fluxo de Edição de Curso Deve editar a descrição de um curso com sucesso",
              "timedOut": null,
              "duration": 13043,
              "state": "passed",
              "speed": "slow",
              "pass": true,
              "fail": false,
              "pending": false,
              "context": null,
              "code": "const novaDescricao = _faker.faker.lorem.paragraph();\n_CreateCourse.default.descricao.clear().type(novaDescricao);\n_CreateCourse.default.submitButton.click();\ncy.wait(5000);\ncy.visit(\"/curso/edit/127\");\ncy.get(\"#descricao\").should(\"have.value\", novaDescricao);",
              "err": {},
              "uuid": "8b6745b4-5ea8-47a6-8a90-40f37b8789d0",
              "parentUUID": "737ce78b-619e-43a6-964e-eff3383acf7d",
              "isHook": false,
              "skipped": false
            },
            {
              "title": "Deve editar os objetivos de aprendizagem com sucesso",
              "fullTitle": "Fluxo de Edição de Curso Deve editar os objetivos de aprendizagem com sucesso",
              "timedOut": null,
              "duration": 11009,
              "state": "passed",
              "speed": "slow",
              "pass": true,
              "fail": false,
              "pending": false,
              "context": null,
              "code": "const novosObjetivos = _faker.faker.lorem.sentences(2);\n_CreateCourse.default.objetivosAprendizagem.clear().type(novosObjetivos);\n_CreateCourse.default.submitButton.click();\ncy.wait(5000);\ncy.visit(\"/curso/edit/127\");\ncy.get(\"#objetivos_aprendizagem\").should(\"have.value\", novosObjetivos);",
              "err": {},
              "uuid": "f6c17a69-3e9f-4178-84d2-c6ba57f82997",
              "parentUUID": "737ce78b-619e-43a6-964e-eff3383acf7d",
              "isHook": false,
              "skipped": false
            },
            {
              "title": "Deve editar a carga horária de um curso com sucesso",
              "fullTitle": "Fluxo de Edição de Curso Deve editar a carga horária de um curso com sucesso",
              "timedOut": null,
              "duration": 10781,
              "state": "passed",
              "speed": "slow",
              "pass": true,
              "fail": false,
              "pending": false,
              "context": null,
              "code": "const novaCarga = _faker.faker.number.int({\n  min: 1,\n  max: 60\n}).toString();\n_CreateCourse.default.cargaHoraria.clear().type(novaCarga);\n_CreateCourse.default.submitButton.click();\ncy.wait(5000);\ncy.visit(\"/curso/edit/127\");\ncy.get(\"#carga_horaria\").should(\"have.value\", novaCarga);",
              "err": {},
              "uuid": "5f2deccd-d281-454f-8dd4-06c5bc16b260",
              "parentUUID": "737ce78b-619e-43a6-964e-eff3383acf7d",
              "isHook": false,
              "skipped": false
            }
          ],
          "suites": [],
          "passes": [
            "dcf00c90-2a8e-45ad-be40-fc7f1ae4d7d0",
            "b6433ceb-c017-4a60-9d78-afb97af7136e",
            "8b6745b4-5ea8-47a6-8a90-40f37b8789d0",
            "f6c17a69-3e9f-4178-84d2-c6ba57f82997",
            "5f2deccd-d281-454f-8dd4-06c5bc16b260"
          ],
          "failures": [],
          "pending": [],
          "skipped": [],
          "duration": 49684,
          "root": false,
          "rootEmpty": false,
          "_timeout": 2000
        }
      ],
      "passes": [],
      "failures": [],
      "pending": [],
      "skipped": [],
      "duration": 0,
      "root": true,
      "rootEmpty": true,
      "_timeout": 2000
    }
  ],
  "meta": {
    "mocha": {
      "version": "7.2.0"
    },
    "mochawesome": {
      "options": {
        "quiet": false,
        "reportFilename": "mochawesome",
        "saveHtml": true,
        "saveJson": true,
        "consoleReporter": "spec",
        "useInlineDiffs": false,
        "code": true
      },
      "version": "7.1.3"
    },
    "marge": {
      "options": {
        "reportDir": "mochawesome-report",
        "overwrite": false,
        "html": true,
        "json": true
      },
      "version": "6.2.0"
    }
  }
}