{
  "stats": {
    "suites": 2,
    "tests": 10,
    "passes": 10,
    "pending": 0,
    "failures": 0,
    "start": "2025-05-28T22:42:14.094Z",
    "end": "2025-05-28T22:44:17.072Z",
    "duration": 122978,
    "testsRegistered": 10,
    "passPercent": 100,
    "pendingPercent": 0,
    "other": 0,
    "hasOther": false,
    "skipped": 0,
    "hasSkipped": false
  },
  "results": [
    {
      "uuid": "39910020-4a79-4eab-a592-8577069adc4a",
      "title": "",
      "fullFile": "cypress/e2e/spec.cy.js",
      "file": "cypress/e2e/spec.cy.js",
      "beforeHooks": [],
      "afterHooks": [],
      "tests": [],
      "suites": [
        {
          "uuid": "5954845f-6074-4ca6-b283-d8e4a368a71e",
          "title": "Fluxo de Criação de Curso",
          "fullFile": "",
          "file": "",
          "beforeHooks": [],
          "afterHooks": [],
          "tests": [
            {
              "title": "Deve criar um curso com os dados obrigatórios",
              "fullTitle": "Fluxo de Criação de Curso Deve criar um curso com os dados obrigatórios",
              "timedOut": null,
              "duration": 11574,
              "state": "passed",
              "speed": "slow",
              "pass": true,
              "fail": false,
              "pending": false,
              "context": null,
              "code": "cy.intercept(\"POST\", \"/curso/verificar_campos/\").as(\"verificarCampos\");\n_CreateCourse.default.visit();\nconst cursoMock = {\n  nome: _faker.faker.lorem.words(1),\n  descricao: _faker.faker.lorem.paragraph(),\n  objetivos: _faker.faker.lorem.sentences(2),\n  cargaHoraria: _faker.faker.number.int({\n    min: 1,\n    max: 60\n  }).toString()\n};\n_CreateCourse.default.criarCursoBasico(cursoMock);\ncy.wait(\"@verificarCampos\").its(\"response.statusCode\").should(\"eq\", 200);",
              "err": {},
              "uuid": "bc81500b-d236-4c49-aeae-35d5c9cb1a10",
              "parentUUID": "5954845f-6074-4ca6-b283-d8e4a368a71e",
              "isHook": false,
              "skipped": false
            },
            {
              "title": "Deve bloquear upload de imagem com mais de 2MB",
              "fullTitle": "Fluxo de Criação de Curso Deve bloquear upload de imagem com mais de 2MB",
              "timedOut": null,
              "duration": 4500,
              "state": "passed",
              "speed": "fast",
              "pass": true,
              "fail": false,
              "pending": false,
              "context": null,
              "code": "_CreateCourse.default.visit();\ncy.fixture(\"large-image.jpg\", null).then(fileContent => {\n  cy.get(\"#thumb\").attachFile({\n    fileContent: fileContent.toString(),\n    fileName: \"large-image.jpg\",\n    mimeType: \"image/jpeg\"\n  });\n});\ncy.get(\"#file-result\").should(\"have.text\", \"Por favor selecione arquivo com menos de 2MB.\");",
              "err": {},
              "uuid": "909a1427-c51f-4726-b9e6-f89d5e0f7538",
              "parentUUID": "5954845f-6074-4ca6-b283-d8e4a368a71e",
              "isHook": false,
              "skipped": false
            },
            {
              "title": "Deve recusar a criação de um curso sem o dado obrigatório de descrição",
              "fullTitle": "Fluxo de Criação de Curso Deve recusar a criação de um curso sem o dado obrigatório de descrição",
              "timedOut": null,
              "duration": 10577,
              "state": "passed",
              "speed": "slow",
              "pass": true,
              "fail": false,
              "pending": false,
              "context": null,
              "code": "_CreateCourse.default.visit();\nconst cursoMock = {\n  nome: _faker.faker.lorem.words(3),\n  objetivos: _faker.faker.lorem.sentences(2),\n  cargaHoraria: _faker.faker.number.int({\n    min: 1,\n    max: 60\n  }).toString()\n};\n_CreateCourse.default.name.type(cursoMock.nome);\n_CreateCourse.default.objetivosAprendizagem.type(cursoMock.objetivos);\n_CreateCourse.default.cargaHoraria.type(cursoMock.cargaHoraria);\n_CreateCourse.default.submitButton.click();\ncy.wait(5000);\n_CreateCourse.default.submitButton.should(\"be.visible\");",
              "err": {},
              "uuid": "3bdb16f4-50ea-47d0-98d0-ccfab4e6a3a6",
              "parentUUID": "5954845f-6074-4ca6-b283-d8e4a368a71e",
              "isHook": false,
              "skipped": false
            },
            {
              "title": "Deve recusar a criação de um curso com nome com menos de dois caracteres",
              "fullTitle": "Fluxo de Criação de Curso Deve recusar a criação de um curso com nome com menos de dois caracteres",
              "timedOut": null,
              "duration": 7796,
              "state": "passed",
              "speed": "medium",
              "pass": true,
              "fail": false,
              "pending": false,
              "context": null,
              "code": "_CreateCourse.default.visit();\nconst cursoMock = {\n  nome: _faker.faker.lorem.word(1),\n  descricao: _faker.faker.lorem.paragraph(),\n  objetivos: _faker.faker.lorem.sentences(2),\n  cargaHoraria: _faker.faker.number.int({\n    min: 1,\n    max: 60\n  }).toString()\n};\n_CreateCourse.default.criarCursoBasico(cursoMock);\ncy.get(\"#erro-nome\").should(\"be.visible\");",
              "err": {},
              "uuid": "a12a827f-0ebe-4c40-b4ec-e61605254652",
              "parentUUID": "5954845f-6074-4ca6-b283-d8e4a368a71e",
              "isHook": false,
              "skipped": false
            },
            {
              "title": "Deve aceitar a criação de um curso com seleção de todos os pré-requisitos",
              "fullTitle": "Fluxo de Criação de Curso Deve aceitar a criação de um curso com seleção de todos os pré-requisitos",
              "timedOut": null,
              "duration": 20981,
              "state": "passed",
              "speed": "slow",
              "pass": true,
              "fail": false,
              "pending": false,
              "context": null,
              "code": "cy.intercept(\"POST\", \"/curso/verificar_campos/\").as(\"verificarCampos\");\n_CreateCourse.default.visit();\nconst cursoMock = {\n  nome: _faker.faker.lorem.words(1),\n  descricao: _faker.faker.lorem.paragraph(),\n  objetivos: _faker.faker.lorem.sentences(2),\n  cargaHoraria: _faker.faker.number.int({\n    min: 1,\n    max: 60\n  }).toString()\n};\n_CreateCourse.default.name.type(cursoMock.nome);\n_CreateCourse.default.descricao.type(cursoMock.descricao);\n_CreateCourse.default.objetivosAprendizagem.type(cursoMock.objetivos);\n_CreateCourse.default.cargaHoraria.type(cursoMock.cargaHoraria);\n_CreateCourse.default.selecionarCursos.check();\n_CreateCourse.default.submitButton.click();\ncy.wait(\"@verificarCampos\").its(\"response.statusCode\").should(\"eq\", 200);",
              "err": {},
              "uuid": "a31b8316-46ed-4072-ae5e-ac59c5792045",
              "parentUUID": "5954845f-6074-4ca6-b283-d8e4a368a71e",
              "isHook": false,
              "skipped": false
            }
          ],
          "suites": [],
          "passes": [
            "bc81500b-d236-4c49-aeae-35d5c9cb1a10",
            "909a1427-c51f-4726-b9e6-f89d5e0f7538",
            "3bdb16f4-50ea-47d0-98d0-ccfab4e6a3a6",
            "a12a827f-0ebe-4c40-b4ec-e61605254652",
            "a31b8316-46ed-4072-ae5e-ac59c5792045"
          ],
          "failures": [],
          "pending": [],
          "skipped": [],
          "duration": 55428,
          "root": false,
          "rootEmpty": false,
          "_timeout": 2000
        },
        {
          "uuid": "28096c7b-c3a7-462f-800f-daf762f3763e",
          "title": "Fluxo de Edição de Curso",
          "fullFile": "",
          "file": "",
          "beforeHooks": [],
          "afterHooks": [],
          "tests": [
            {
              "title": "Deve editar o nome de um curso com sucesso",
              "fullTitle": "Fluxo de Edição de Curso Deve editar o nome de um curso com sucesso",
              "timedOut": null,
              "duration": 14014,
              "state": "passed",
              "speed": "slow",
              "pass": true,
              "fail": false,
              "pending": false,
              "context": null,
              "code": "const novoNome = _faker.faker.lorem.words(1);\n_CreateCourse.default.name.clear().type(novoNome);\n_CreateCourse.default.submitButton.click();\ncy.wait(5000);\ncy.visit(\"/curso/edit/127\");\ncy.get(\"#name\").should(\"have.value\", novoNome);",
              "err": {},
              "uuid": "b44702a3-0e4d-4a1f-86a4-def4d2436ddc",
              "parentUUID": "28096c7b-c3a7-462f-800f-daf762f3763e",
              "isHook": false,
              "skipped": false
            },
            {
              "title": "Deve recusar edição de nome com menos de dois caracteres",
              "fullTitle": "Fluxo de Edição de Curso Deve recusar edição de nome com menos de dois caracteres",
              "timedOut": null,
              "duration": 7819,
              "state": "passed",
              "speed": "medium",
              "pass": true,
              "fail": false,
              "pending": false,
              "context": null,
              "code": "const nomeCurto = _faker.faker.lorem.word(1);\n_CreateCourse.default.name.clear().type(nomeCurto);\n_CreateCourse.default.submitButton.click();\ncy.get(\"#erro-nome\").should(\"be.visible\");",
              "err": {},
              "uuid": "91b903ac-1204-4dae-b47b-68e267e8578a",
              "parentUUID": "28096c7b-c3a7-462f-800f-daf762f3763e",
              "isHook": false,
              "skipped": false
            },
            {
              "title": "Deve editar a descrição de um curso com sucesso",
              "fullTitle": "Fluxo de Edição de Curso Deve editar a descrição de um curso com sucesso",
              "timedOut": null,
              "duration": 15389,
              "state": "passed",
              "speed": "slow",
              "pass": true,
              "fail": false,
              "pending": false,
              "context": null,
              "code": "const novaDescricao = _faker.faker.lorem.paragraph();\n_CreateCourse.default.descricao.clear().type(novaDescricao);\n_CreateCourse.default.submitButton.click();\ncy.wait(5000);\ncy.visit(\"/curso/edit/127\");\ncy.get(\"#descricao\").should(\"have.value\", novaDescricao);",
              "err": {},
              "uuid": "f6e72d0c-0ba4-4b8b-a3d4-3bff53bc48f6",
              "parentUUID": "28096c7b-c3a7-462f-800f-daf762f3763e",
              "isHook": false,
              "skipped": false
            },
            {
              "title": "Deve editar os objetivos de aprendizagem com sucesso",
              "fullTitle": "Fluxo de Edição de Curso Deve editar os objetivos de aprendizagem com sucesso",
              "timedOut": null,
              "duration": 15449,
              "state": "passed",
              "speed": "slow",
              "pass": true,
              "fail": false,
              "pending": false,
              "context": null,
              "code": "const novosObjetivos = _faker.faker.lorem.sentences(2);\n_CreateCourse.default.objetivosAprendizagem.clear().type(novosObjetivos);\n_CreateCourse.default.submitButton.click();\ncy.wait(5000);\ncy.visit(\"/curso/edit/127\");\ncy.get(\"#objetivos_aprendizagem\").should(\"have.value\", novosObjetivos);",
              "err": {},
              "uuid": "813031d2-c00e-46bb-9490-de194c09c961",
              "parentUUID": "28096c7b-c3a7-462f-800f-daf762f3763e",
              "isHook": false,
              "skipped": false
            },
            {
              "title": "Deve editar a carga horária de um curso com sucesso",
              "fullTitle": "Fluxo de Edição de Curso Deve editar a carga horária de um curso com sucesso",
              "timedOut": null,
              "duration": 14361,
              "state": "passed",
              "speed": "slow",
              "pass": true,
              "fail": false,
              "pending": false,
              "context": null,
              "code": "const novaCarga = _faker.faker.number.int({\n  min: 1,\n  max: 60\n}).toString();\n_CreateCourse.default.cargaHoraria.clear().type(novaCarga);\n_CreateCourse.default.submitButton.click();\ncy.wait(5000);\ncy.visit(\"/curso/edit/127\");\ncy.get(\"#carga_horaria\").should(\"have.value\", novaCarga);",
              "err": {},
              "uuid": "29be54c3-d7bb-458b-a1a9-45d28e7b2880",
              "parentUUID": "28096c7b-c3a7-462f-800f-daf762f3763e",
              "isHook": false,
              "skipped": false
            }
          ],
          "suites": [],
          "passes": [
            "b44702a3-0e4d-4a1f-86a4-def4d2436ddc",
            "91b903ac-1204-4dae-b47b-68e267e8578a",
            "f6e72d0c-0ba4-4b8b-a3d4-3bff53bc48f6",
            "813031d2-c00e-46bb-9490-de194c09c961",
            "29be54c3-d7bb-458b-a1a9-45d28e7b2880"
          ],
          "failures": [],
          "pending": [],
          "skipped": [],
          "duration": 67032,
          "root": false,
          "rootEmpty": false,
          "_timeout": 2000
        }
      ],
      "passes": [],
      "failures": [],
      "pending": [],
      "skipped": [],
      "duration": 0,
      "root": true,
      "rootEmpty": true,
      "_timeout": 2000
    }
  ],
  "meta": {
    "mocha": {
      "version": "7.2.0"
    },
    "mochawesome": {
      "options": {
        "quiet": false,
        "reportFilename": "mochawesome",
        "saveHtml": true,
        "saveJson": true,
        "consoleReporter": "spec",
        "useInlineDiffs": false,
        "code": true
      },
      "version": "7.1.3"
    },
    "marge": {
      "options": {
        "reportDir": "mochawesome-report",
        "overwrite": false,
        "html": true,
        "json": true
      },
      "version": "6.2.0"
    }
  }
}