{
  "stats": {
    "suites": 2,
    "tests": 10,
    "passes": 10,
    "pending": 0,
    "failures": 0,
    "start": "2025-05-28T21:38:01.771Z",
    "end": "2025-05-28T21:40:52.521Z",
    "duration": 170750,
    "testsRegistered": 10,
    "passPercent": 100,
    "pendingPercent": 0,
    "other": 0,
    "hasOther": false,
    "skipped": 0,
    "hasSkipped": false
  },
  "results": [
    {
      "uuid": "71615be7-488d-41c9-b4b5-a8e979165f26",
      "title": "",
      "fullFile": "cypress\\e2e\\spec.cy.js",
      "file": "cypress\\e2e\\spec.cy.js",
      "beforeHooks": [],
      "afterHooks": [],
      "tests": [],
      "suites": [
        {
          "uuid": "780475c9-cd2e-4cb8-a019-b0179795b32a",
          "title": "Fluxo de Criação de Curso",
          "fullFile": "",
          "file": "",
          "beforeHooks": [],
          "afterHooks": [],
          "tests": [
            {
              "title": "Deve criar um curso com os dados obrigatórios",
              "fullTitle": "Fluxo de Criação de Curso Deve criar um curso com os dados obrigatórios",
              "timedOut": null,
              "duration": 16868,
              "state": "passed",
              "speed": "slow",
              "pass": true,
              "fail": false,
              "pending": false,
              "context": null,
              "code": "cy.intercept(\"POST\", \"/curso/verificar_campos/\").as(\"verificarCampos\");\n_CreateCourse.default.visit();\nconst cursoMock = {\n  nome: _faker.faker.lorem.words(1),\n  descricao: _faker.faker.lorem.paragraph(),\n  objetivos: _faker.faker.lorem.sentences(2),\n  cargaHoraria: _faker.faker.number.int({\n    min: 1,\n    max: 60\n  }).toString()\n};\n_CreateCourse.default.criarCursoBasico(cursoMock);\ncy.wait(\"@verificarCampos\").its(\"response.statusCode\").should(\"eq\", 200);",
              "err": {},
              "uuid": "41ecd208-8cb7-4b23-ae4a-f1378e56e4e7",
              "parentUUID": "780475c9-cd2e-4cb8-a019-b0179795b32a",
              "isHook": false,
              "skipped": false
            },
            {
              "title": "Deve bloquear upload de imagem com mais de 2MB",
              "fullTitle": "Fluxo de Criação de Curso Deve bloquear upload de imagem com mais de 2MB",
              "timedOut": null,
              "duration": 5799,
              "state": "passed",
              "speed": "medium",
              "pass": true,
              "fail": false,
              "pending": false,
              "context": null,
              "code": "_CreateCourse.default.visit();\ncy.fixture(\"large-image.jpg\", null).then(fileContent => {\n  cy.get(\"#thumb\").attachFile({\n    fileContent: fileContent.toString(),\n    fileName: \"large-image.jpg\",\n    mimeType: \"image/jpeg\"\n  });\n});\ncy.get(\"#file-result\").should(\"have.text\", \"Por favor selecione arquivo com menos de 2MB.\");",
              "err": {},
              "uuid": "1261cc80-bf33-4047-8922-e4e214ffbe61",
              "parentUUID": "780475c9-cd2e-4cb8-a019-b0179795b32a",
              "isHook": false,
              "skipped": false
            },
            {
              "title": "Deve recusar a criação de um curso sem o dado obrigatório de descrição",
              "fullTitle": "Fluxo de Criação de Curso Deve recusar a criação de um curso sem o dado obrigatório de descrição",
              "timedOut": null,
              "duration": 13102,
              "state": "passed",
              "speed": "slow",
              "pass": true,
              "fail": false,
              "pending": false,
              "context": null,
              "code": "_CreateCourse.default.visit();\nconst cursoMock = {\n  nome: _faker.faker.lorem.words(3),\n  objetivos: _faker.faker.lorem.sentences(2),\n  cargaHoraria: _faker.faker.number.int({\n    min: 1,\n    max: 60\n  }).toString()\n};\n_CreateCourse.default.name.type(cursoMock.nome);\n_CreateCourse.default.objetivosAprendizagem.type(cursoMock.objetivos);\n_CreateCourse.default.cargaHoraria.type(cursoMock.cargaHoraria);\n_CreateCourse.default.submitButton.click();\ncy.wait(5000);\n_CreateCourse.default.submitButton.should(\"be.visible\");",
              "err": {},
              "uuid": "47275424-2a72-4f92-a313-9af094dbc75d",
              "parentUUID": "780475c9-cd2e-4cb8-a019-b0179795b32a",
              "isHook": false,
              "skipped": false
            },
            {
              "title": "Deve recusar a criação de um curso com nome com menos de dois caracteres",
              "fullTitle": "Fluxo de Criação de Curso Deve recusar a criação de um curso com nome com menos de dois caracteres",
              "timedOut": null,
              "duration": 12388,
              "state": "passed",
              "speed": "slow",
              "pass": true,
              "fail": false,
              "pending": false,
              "context": null,
              "code": "_CreateCourse.default.visit();\nconst cursoMock = {\n  nome: _faker.faker.lorem.word(1),\n  descricao: _faker.faker.lorem.paragraph(),\n  objetivos: _faker.faker.lorem.sentences(2),\n  cargaHoraria: _faker.faker.number.int({\n    min: 1,\n    max: 60\n  }).toString()\n};\n_CreateCourse.default.criarCursoBasico(cursoMock);\ncy.get(\"#erro-nome\").should(\"be.visible\");",
              "err": {},
              "uuid": "343bf57b-92fa-4bf4-a750-ef4756e3f2e5",
              "parentUUID": "780475c9-cd2e-4cb8-a019-b0179795b32a",
              "isHook": false,
              "skipped": false
            },
            {
              "title": "Deve aceitar a criação de um curso com seleção de todos os pré-requisitos",
              "fullTitle": "Fluxo de Criação de Curso Deve aceitar a criação de um curso com seleção de todos os pré-requisitos",
              "timedOut": null,
              "duration": 21284,
              "state": "passed",
              "speed": "slow",
              "pass": true,
              "fail": false,
              "pending": false,
              "context": null,
              "code": "cy.intercept(\"POST\", \"/curso/verificar_campos/\").as(\"verificarCampos\");\n_CreateCourse.default.visit();\nconst cursoMock = {\n  nome: _faker.faker.lorem.words(1),\n  descricao: _faker.faker.lorem.paragraph(),\n  objetivos: _faker.faker.lorem.sentences(2),\n  cargaHoraria: _faker.faker.number.int({\n    min: 1,\n    max: 60\n  }).toString()\n};\n_CreateCourse.default.name.type(cursoMock.nome);\n_CreateCourse.default.descricao.type(cursoMock.descricao);\n_CreateCourse.default.objetivosAprendizagem.type(cursoMock.objetivos);\n_CreateCourse.default.cargaHoraria.type(cursoMock.cargaHoraria);\n_CreateCourse.default.selecionarCursos.check();\n_CreateCourse.default.submitButton.click();\ncy.wait(\"@verificarCampos\").its(\"response.statusCode\").should(\"eq\", 200);",
              "err": {},
              "uuid": "efc8f4c9-0ba8-43ef-acc4-b437e175bb30",
              "parentUUID": "780475c9-cd2e-4cb8-a019-b0179795b32a",
              "isHook": false,
              "skipped": false
            }
          ],
          "suites": [],
          "passes": [
            "41ecd208-8cb7-4b23-ae4a-f1378e56e4e7",
            "1261cc80-bf33-4047-8922-e4e214ffbe61",
            "47275424-2a72-4f92-a313-9af094dbc75d",
            "343bf57b-92fa-4bf4-a750-ef4756e3f2e5",
            "efc8f4c9-0ba8-43ef-acc4-b437e175bb30"
          ],
          "failures": [],
          "pending": [],
          "skipped": [],
          "duration": 69441,
          "root": false,
          "rootEmpty": false,
          "_timeout": 2000
        },
        {
          "uuid": "38198bda-df0e-43a9-9df5-aa7baf205e44",
          "title": "Fluxo de Edição de Curso",
          "fullFile": "",
          "file": "",
          "beforeHooks": [],
          "afterHooks": [],
          "tests": [
            {
              "title": "Deve editar o nome de um curso com sucesso",
              "fullTitle": "Fluxo de Edição de Curso Deve editar o nome de um curso com sucesso",
              "timedOut": null,
              "duration": 20779,
              "state": "passed",
              "speed": "slow",
              "pass": true,
              "fail": false,
              "pending": false,
              "context": null,
              "code": "const novoNome = _faker.faker.lorem.words(1);\n_CreateCourse.default.name.clear().type(novoNome);\n_CreateCourse.default.submitButton.click();\ncy.wait(5000);\ncy.visit(\"/curso/edit/127\");\ncy.get(\"#name\").should(\"have.value\", novoNome);",
              "err": {},
              "uuid": "196d7789-b134-414f-80ee-1e72ad85add7",
              "parentUUID": "38198bda-df0e-43a9-9df5-aa7baf205e44",
              "isHook": false,
              "skipped": false
            },
            {
              "title": "Deve recusar edição de nome com menos de dois caracteres",
              "fullTitle": "Fluxo de Edição de Curso Deve recusar edição de nome com menos de dois caracteres",
              "timedOut": null,
              "duration": 11151,
              "state": "passed",
              "speed": "slow",
              "pass": true,
              "fail": false,
              "pending": false,
              "context": null,
              "code": "const nomeCurto = _faker.faker.lorem.word(1);\n_CreateCourse.default.name.clear().type(nomeCurto);\n_CreateCourse.default.submitButton.click();\ncy.get(\"#erro-nome\").should(\"be.visible\");",
              "err": {},
              "uuid": "6196ee49-9b3b-4a26-83e2-5bcd4b036bc5",
              "parentUUID": "38198bda-df0e-43a9-9df5-aa7baf205e44",
              "isHook": false,
              "skipped": false
            },
            {
              "title": "Deve editar a descrição de um curso com sucesso",
              "fullTitle": "Fluxo de Edição de Curso Deve editar a descrição de um curso com sucesso",
              "timedOut": null,
              "duration": 21827,
              "state": "passed",
              "speed": "slow",
              "pass": true,
              "fail": false,
              "pending": false,
              "context": null,
              "code": "const novaDescricao = _faker.faker.lorem.paragraph();\n_CreateCourse.default.descricao.clear().type(novaDescricao);\n_CreateCourse.default.submitButton.click();\ncy.wait(5000);\ncy.visit(\"/curso/edit/127\");\ncy.get(\"#descricao\").should(\"have.value\", novaDescricao);",
              "err": {},
              "uuid": "6d34fd07-5b19-4986-ab20-9a1784c5f562",
              "parentUUID": "38198bda-df0e-43a9-9df5-aa7baf205e44",
              "isHook": false,
              "skipped": false
            },
            {
              "title": "Deve editar os objetivos de aprendizagem com sucesso",
              "fullTitle": "Fluxo de Edição de Curso Deve editar os objetivos de aprendizagem com sucesso",
              "timedOut": null,
              "duration": 19971,
              "state": "passed",
              "speed": "slow",
              "pass": true,
              "fail": false,
              "pending": false,
              "context": null,
              "code": "const novosObjetivos = _faker.faker.lorem.sentences(2);\n_CreateCourse.default.objetivosAprendizagem.clear().type(novosObjetivos);\n_CreateCourse.default.submitButton.click();\ncy.wait(5000);\ncy.visit(\"/curso/edit/127\");\ncy.get(\"#objetivos_aprendizagem\").should(\"have.value\", novosObjetivos);",
              "err": {},
              "uuid": "362945c5-f735-4948-ab17-9ba1dd2f439b",
              "parentUUID": "38198bda-df0e-43a9-9df5-aa7baf205e44",
              "isHook": false,
              "skipped": false
            },
            {
              "title": "Deve editar a carga horária de um curso com sucesso",
              "fullTitle": "Fluxo de Edição de Curso Deve editar a carga horária de um curso com sucesso",
              "timedOut": null,
              "duration": 27301,
              "state": "passed",
              "speed": "slow",
              "pass": true,
              "fail": false,
              "pending": false,
              "context": null,
              "code": "const novaCarga = _faker.faker.number.int({\n  min: 1,\n  max: 60\n}).toString();\n_CreateCourse.default.cargaHoraria.clear().type(novaCarga);\n_CreateCourse.default.submitButton.click();\ncy.wait(5000);\ncy.visit(\"/curso/edit/127\");\ncy.get(\"#carga_horaria\").should(\"have.value\", novaCarga);",
              "err": {},
              "uuid": "3382cc36-c72f-4898-a819-00548ddf6a16",
              "parentUUID": "38198bda-df0e-43a9-9df5-aa7baf205e44",
              "isHook": false,
              "skipped": false
            }
          ],
          "suites": [],
          "passes": [
            "196d7789-b134-414f-80ee-1e72ad85add7",
            "6196ee49-9b3b-4a26-83e2-5bcd4b036bc5",
            "6d34fd07-5b19-4986-ab20-9a1784c5f562",
            "362945c5-f735-4948-ab17-9ba1dd2f439b",
            "3382cc36-c72f-4898-a819-00548ddf6a16"
          ],
          "failures": [],
          "pending": [],
          "skipped": [],
          "duration": 101029,
          "root": false,
          "rootEmpty": false,
          "_timeout": 2000
        }
      ],
      "passes": [],
      "failures": [],
      "pending": [],
      "skipped": [],
      "duration": 0,
      "root": true,
      "rootEmpty": true,
      "_timeout": 2000
    }
  ],
  "meta": {
    "mocha": {
      "version": "7.2.0"
    },
    "mochawesome": {
      "options": {
        "quiet": false,
        "reportFilename": "mochawesome",
        "saveHtml": true,
        "saveJson": true,
        "consoleReporter": "spec",
        "useInlineDiffs": false,
        "code": true
      },
      "version": "7.1.3"
    },
    "marge": {
      "options": {
        "reportDir": "mochawesome-report",
        "overwrite": false,
        "html": true,
        "json": true
      },
      "version": "6.2.0"
    }
  }
}